# JRE version: OpenJDK Runtime Environment (22.0.1+8) (build 22.0.1+8-16)
# Java VM: OpenJDK 64-Bit Server VM (22.0.1+8-16, mixed mode, emulated-client, sharing, tiered, compressed oops, compressed class ptrs, g1 gc, windows-amd64)
GC Precious Log:
 CardTable entry size: 512
 Card Set container configuration: InlinePtr #cards 5 size 8 Array Of Cards #cards 12 size 40 Howl #buckets 4 coarsen threshold 1843 Howl Bitmap #cards 512 size 80 coarsen threshold 460 Card regions per heap region 1 cards per card region 2048
 CPUs: 4 total, 4 available
 Memory: 8113M
 Large Page Support: Disabled
 NUMA Support: Disabled
 Compressed Oops: Enabled (32-bit)
 Heap Region Size: 1M
 Heap Min Capacity: 8M
 Heap Initial Capacity: 128M
 Heap Max Capacity: 2030M
 Pre-touch: Disabled
 Parallel Workers: 4
 Concurrent Workers: 1
 Concurrent Refinement Workers: 4
 Periodic GC: Disabled
Heap:
 garbage-first heap   total reserved 2078720K, committed 82944K, used 58801K [0x0000000081200000, 0x0000000100000000)
  region size 1024K, 21 young (21504K), 3 survivors (3072K)
 Metaspace       used 58272K, committed 59200K, reserved 1114112K
  class space    used 8548K, committed 8960K, reserved 1048576K
GC Heap History (20 events):
Event: 4.677 GC heap before
{Heap before GC invocations=6 (full 0):
 garbage-first heap   total reserved 2078720K, committed 51200K, used 40786K [0x0000000081200000, 0x0000000100000000)
  region size 1024K, 26 young (26624K), 2 survivors (2048K)
 Metaspace       used 23922K, committed 24320K, reserved 1114112K
  class space    used 3266K, committed 3456K, reserved 1048576K
}
Event: 4.683 GC heap after
{Heap after GC invocations=7 (full 0):
 garbage-first heap   total reserved 2078720K, committed 51200K, used 17836K [0x0000000081200000, 0x0000000100000000)
  region size 1024K, 4 young (4096K), 4 survivors (4096K)
 Metaspace       used 23922K, committed 24320K, reserved 1114112K
  class space    used 3266K, committed 3456K, reserved 1048576K
}
Event: 5.427 GC heap before
{Heap before GC invocations=7 (full 0):
 garbage-first heap   total reserved 2078720K, committed 51200K, used 40364K [0x0000000081200000, 0x0000000100000000)
  region size 1024K, 27 young (27648K), 4 survivors (4096K)
 Metaspace       used 27410K, committed 27968K, reserved 1114112K
  class space    used 3801K, committed 4032K, reserved 1048576K
}
Event: 5.435 GC heap after
{Heap after GC invocations=8 (full 0):
 garbage-first heap   total reserved 2078720K, committed 51200K, used 20211K [0x0000000081200000, 0x0000000100000000)
  region size 1024K, 4 young (4096K), 4 survivors (4096K)
 Metaspace       used 27410K, committed 27968K, reserved 1114112K
  class space    used 3801K, committed 4032K, reserved 1048576K
}
Event: 5.782 GC heap before
{Heap before GC invocations=8 (full 0):
 garbage-first heap   total reserved 2078720K, committed 51200K, used 47859K [0x0000000081200000, 0x0000000100000000)
  region size 1024K, 26 young (26624K), 4 survivors (4096K)
 Metaspace       used 29219K, committed 29760K, reserved 1114112K
  class space    used 3988K, committed 4160K, reserved 1048576K
}
Event: 5.792 GC heap after
{Heap after GC invocations=9 (full 0):
 garbage-first heap   total reserved 2078720K, committed 67584K, used 24153K [0x0000000081200000, 0x0000000100000000)
  region size 1024K, 4 young (4096K), 4 survivors (4096K)
 Metaspace       used 29219K, committed 29760K, reserved 1114112K
  class space    used 3988K, committed 4160K, reserved 1048576K
}
Event: 6.415 GC heap before
{Heap before GC invocations=9 (full 0):
 garbage-first heap   total reserved 2078720K, committed 67584K, used 56921K [0x0000000081200000, 0x0000000100000000)
  region size 1024K, 35 young (35840K), 4 survivors (4096K)
 Metaspace       used 31262K, committed 31872K, reserved 1114112K
  class space    used 4296K, committed 4544K, reserved 1048576K
}
Event: 6.423 GC heap after
{Heap after GC invocations=10 (full 0):
 garbage-first heap   total reserved 2078720K, committed 67584K, used 26382K [0x0000000081200000, 0x0000000100000000)
  region size 1024K, 3 young (3072K), 3 survivors (3072K)
 Metaspace       used 31262K, committed 31872K, reserved 1114112K
  class space    used 4296K, committed 4544K, reserved 1048576K
}
Event: 7.262 GC heap before
{Heap before GC invocations=10 (full 0):
 garbage-first heap   total reserved 2078720K, committed 67584K, used 54030K [0x0000000081200000, 0x0000000100000000)
  region size 1024K, 31 young (31744K), 3 survivors (3072K)
 Metaspace       used 35226K, committed 35840K, reserved 1114112K
  class space    used 4906K, committed 5184K, reserved 1048576K
}
Event: 7.269 GC heap after
{Heap after GC invocations=11 (full 0):
 garbage-first heap   total reserved 2078720K, committed 67584K, used 27345K [0x0000000081200000, 0x0000000100000000)
  region size 1024K, 4 young (4096K), 4 survivors (4096K)
 Metaspace       used 35226K, committed 35840K, reserved 1114112K
  class space    used 4906K, committed 5184K, reserved 1048576K
}
Event: 7.975 GC heap before
{Heap before GC invocations=12 (full 0):
 garbage-first heap   total reserved 2078720K, committed 67584K, used 57041K [0x0000000081200000, 0x0000000100000000)
  region size 1024K, 33 young (33792K), 4 survivors (4096K)
 Metaspace       used 38307K, committed 38912K, reserved 1114112K
  class space    used 5401K, committed 5632K, reserved 1048576K
}
Event: 7.986 GC heap after
{Heap after GC invocations=13 (full 0):
 garbage-first heap   total reserved 2078720K, committed 67584K, used 31527K [0x0000000081200000, 0x0000000100000000)
  region size 1024K, 5 young (5120K), 5 survivors (5120K)
 Metaspace       used 38307K, committed 38912K, reserved 1114112K
  class space    used 5401K, committed 5632K, reserved 1048576K
}
Event: 8.878 GC heap before
{Heap before GC invocations=13 (full 0):
 garbage-first heap   total reserved 2078720K, committed 67584K, used 58151K [0x0000000081200000, 0x0000000100000000)
  region size 1024K, 31 young (31744K), 5 survivors (5120K)
 Metaspace       used 42063K, committed 42752K, reserved 1114112K
  class space    used 6026K, committed 6336K, reserved 1048576K
}
Event: 8.891 GC heap after
{Heap after GC invocations=14 (full 0):
 garbage-first heap   total reserved 2078720K, committed 68608K, used 35249K [0x0000000081200000, 0x0000000100000000)
  region size 1024K, 4 young (4096K), 4 survivors (4096K)
 Metaspace       used 42063K, committed 42752K, reserved 1114112K
  class space    used 6026K, committed 6336K, reserved 1048576K
}
Event: 9.588 GC heap before
{Heap before GC invocations=14 (full 0):
 garbage-first heap   total reserved 2078720K, committed 68608K, used 58801K [0x0000000081200000, 0x0000000100000000)
  region size 1024K, 27 young (27648K), 4 survivors (4096K)
 Metaspace       used 44582K, committed 45312K, reserved 1114112K
  class space    used 6472K, committed 6784K, reserved 1048576K
}
Event: 9.597 GC heap after
{Heap after GC invocations=15 (full 0):
 garbage-first heap   total reserved 2078720K, committed 82944K, used 36908K [0x0000000081200000, 0x0000000100000000)
  region size 1024K, 2 young (2048K), 2 survivors (2048K)
 Metaspace       used 44582K, committed 45312K, reserved 1114112K
  class space    used 6472K, committed 6784K, reserved 1048576K
}
Event: 10.757 GC heap before
{Heap before GC invocations=16 (full 0):
 garbage-first heap   total reserved 2078720K, committed 82944K, used 71724K [0x0000000081200000, 0x0000000100000000)
  region size 1024K, 37 young (37888K), 2 survivors (2048K)
 Metaspace       used 50056K, committed 50816K, reserved 1114112K
  class space    used 7251K, committed 7552K, reserved 1048576K
}
Event: 10.770 GC heap after
{Heap after GC invocations=17 (full 0):
 garbage-first heap   total reserved 2078720K, committed 82944K, used 40500K [0x0000000081200000, 0x0000000100000000)
  region size 1024K, 5 young (5120K), 5 survivors (5120K)
 Metaspace       used 50056K, committed 50816K, reserved 1114112K
  class space    used 7251K, committed 7552K, reserved 1048576K
}
Event: 12.499 GC heap before
{Heap before GC invocations=17 (full 0):
 garbage-first heap   total reserved 2078720K, committed 82944K, used 71220K [0x0000000081200000, 0x0000000100000000)
  region size 1024K, 36 young (36864K), 5 survivors (5120K)
 Metaspace       used 55044K, committed 55936K, reserved 1114112K
  class space    used 8014K, committed 8384K, reserved 1048576K
}
Event: 12.513 GC heap after
{Heap after GC invocations=18 (full 0):
 garbage-first heap   total reserved 2078720K, committed 82944K, used 42417K [0x0000000081200000, 0x0000000100000000)
  region size 1024K, 3 young (3072K), 3 survivors (3072K)
 Metaspace       used 55044K, committed 55936K, reserved 1114112K
  class space    used 8014K, committed 8384K, reserved 1048576K
}

